<?xml version="1.0" encoding="UTF-8"?>
<testsuite xmlns:xsi="http://www.w3.org/2001/XMLSchema-instance" xsi:noNamespaceSchemaLocation="https://maven.apache.org/surefire/maven-surefire-plugin/xsd/surefire-test-report-3.0.xsd" version="3.0" name="Autom.Projet2Groupe2.SoapTest" time="1.898" tests="1" errors="0" skipped="0" failures="0">
  <properties>
[...]
</properties>
  <testcase name="JunitTest1" classname="Autom.Projet2Groupe2.SoapTest" time="1.892">
    <system-out><![CDATA[14:11:23,811 INFO  [DefaultSoapUICore] initialized soapui-settings from [C:\Users\formation\soapui-settings.xml]
14:11:24,472 INFO  [PluginManager] 0 plugins loaded in 2 ms
14:11:24,472 INFO  [DefaultSoapUICore] All plugins loaded
14:11:24,974 INFO  [WsdlProject] Loaded project from [file:/C:/Users/formation/Documents/SquashTA-1.10.0-RELEASE-workspace/Projet2Groupe2/src/test/resources/Libreplan-soapui-project_Groupe2.xml]
2021-12-09 14:11:24 INFO  SoapTest:37 - ******Running TestSuite _ Libreplan***********
2021-12-09 14:11:24 INFO  SoapTest:42 - ******Running TestCase_Resources***********
14:11:25,096 DEBUG [HttpClientSupport$SoapUIHttpClient] Attempt 1 to execute request
14:11:25,097 DEBUG [SoapUIMultiThreadedHttpConnectionManager$SoapUIDefaultClientConnection] Sending request: GET /libreplan/ws/rest/resources HTTP/1.1
14:11:25,110 DEBUG [SoapUIMultiThreadedHttpConnectionManager$SoapUIDefaultClientConnection] Receiving response: HTTP/1.1 200 OK
14:11:25,113 DEBUG [HttpClientSupport$SoapUIHttpClient] Connection can be kept alive indefinitely
14:11:25,139 DEBUG [HttpClientSupport$SoapUIHttpClient] Stale connection check
14:11:25,155 DEBUG [HttpClientSupport$SoapUIHttpClient] Attempt 1 to execute request
14:11:25,155 DEBUG [SoapUIMultiThreadedHttpConnectionManager$SoapUIDefaultClientConnection] Sending request: POST /libreplan/ws/rest/resources HTTP/1.1
14:11:25,178 DEBUG [SoapUIMultiThreadedHttpConnectionManager$SoapUIDefaultClientConnection] Receiving response: HTTP/1.1 200 OK
14:11:25,179 DEBUG [HttpClientSupport$SoapUIHttpClient] Connection can be kept alive indefinitely
14:11:25,185 DEBUG [HttpClientSupport$SoapUIHttpClient] Stale connection check
14:11:25,187 DEBUG [HttpClientSupport$SoapUIHttpClient] Attempt 1 to execute request
14:11:25,187 DEBUG [SoapUIMultiThreadedHttpConnectionManager$SoapUIDefaultClientConnection] Sending request: GET /libreplan/ws/rest/resources/WORKER0002 HTTP/1.1
14:11:25,197 DEBUG [SoapUIMultiThreadedHttpConnectionManager$SoapUIDefaultClientConnection] Receiving response: HTTP/1.1 200 OK
14:11:25,197 DEBUG [HttpClientSupport$SoapUIHttpClient] Connection can be kept alive indefinitely
2021-12-09 14:11:25 INFO  SoapTest:42 - ******Running TestCase_Project***********
14:11:25,201 DEBUG [HttpClientSupport$SoapUIHttpClient] Stale connection check
14:11:25,216 DEBUG [HttpClientSupport$SoapUIHttpClient] Attempt 1 to execute request
14:11:25,216 DEBUG [SoapUIMultiThreadedHttpConnectionManager$SoapUIDefaultClientConnection] Sending request: GET /libreplan/ws/rest/orderelements/ HTTP/1.1
14:11:25,224 DEBUG [SoapUIMultiThreadedHttpConnectionManager$SoapUIDefaultClientConnection] Receiving response: HTTP/1.1 200 OK
14:11:25,224 DEBUG [HttpClientSupport$SoapUIHttpClient] Connection can be kept alive indefinitely
14:11:25,227 DEBUG [HttpClientSupport$SoapUIHttpClient] Stale connection check
14:11:25,232 DEBUG [HttpClientSupport$SoapUIHttpClient] Attempt 1 to execute request
14:11:25,232 DEBUG [SoapUIMultiThreadedHttpConnectionManager$SoapUIDefaultClientConnection] Sending request: POST /libreplan/ws/rest/orderelements/ HTTP/1.1
14:11:25,290 DEBUG [SoapUIMultiThreadedHttpConnectionManager$SoapUIDefaultClientConnection] Receiving response: HTTP/1.1 200 OK
14:11:25,291 DEBUG [HttpClientSupport$SoapUIHttpClient] Connection can be kept alive indefinitely
14:11:25,294 DEBUG [HttpClientSupport$SoapUIHttpClient] Stale connection check
14:11:25,310 DEBUG [HttpClientSupport$SoapUIHttpClient] Attempt 1 to execute request
14:11:25,310 DEBUG [SoapUIMultiThreadedHttpConnectionManager$SoapUIDefaultClientConnection] Sending request: GET /libreplan/ws/rest/orderelements/ORDER0007 HTTP/1.1
14:11:25,326 DEBUG [SoapUIMultiThreadedHttpConnectionManager$SoapUIDefaultClientConnection] Receiving response: HTTP/1.1 200 OK
14:11:25,326 DEBUG [HttpClientSupport$SoapUIHttpClient] Connection can be kept alive indefinitely
14:11:25,330 DEBUG [HttpClientSupport$SoapUIHttpClient] Stale connection check
14:11:25,342 DEBUG [HttpClientSupport$SoapUIHttpClient] Attempt 1 to execute request
14:11:25,342 DEBUG [SoapUIMultiThreadedHttpConnectionManager$SoapUIDefaultClientConnection] Sending request: DELETE /libreplan/ws/rest/orderelements/ORDER0007 HTTP/1.1
14:11:25,370 DEBUG [SoapUIMultiThreadedHttpConnectionManager$SoapUIDefaultClientConnection] Receiving response: HTTP/1.1 200 OK
14:11:25,371 DEBUG [HttpClientSupport$SoapUIHttpClient] Connection can be kept alive indefinitely
14:11:25,373 DEBUG [HttpClientSupport$SoapUIHttpClient] Stale connection check
14:11:25,389 DEBUG [HttpClientSupport$SoapUIHttpClient] Attempt 1 to execute request
14:11:25,389 DEBUG [SoapUIMultiThreadedHttpConnectionManager$SoapUIDefaultClientConnection] Sending request: GET /libreplan/ws/rest/orderelements/ HTTP/1.1
14:11:25,398 DEBUG [SoapUIMultiThreadedHttpConnectionManager$SoapUIDefaultClientConnection] Receiving response: HTTP/1.1 200 OK
14:11:25,398 DEBUG [HttpClientSupport$SoapUIHttpClient] Connection can be kept alive indefinitely
2021-12-09 14:11:25 INFO  SoapTest:42 - ******Running TestCase_Calendar***********
14:11:25,401 DEBUG [HttpClientSupport$SoapUIHttpClient] Stale connection check
14:11:25,405 DEBUG [HttpClientSupport$SoapUIHttpClient] Attempt 1 to execute request
14:11:25,405 DEBUG [SoapUIMultiThreadedHttpConnectionManager$SoapUIDefaultClientConnection] Sending request: GET /libreplan/ws/rest/calendars/ HTTP/1.1
14:11:25,418 DEBUG [SoapUIMultiThreadedHttpConnectionManager$SoapUIDefaultClientConnection] Receiving response: HTTP/1.1 200 OK
14:11:25,418 DEBUG [HttpClientSupport$SoapUIHttpClient] Connection can be kept alive indefinitely
14:11:25,421 DEBUG [HttpClientSupport$SoapUIHttpClient] Stale connection check
14:11:25,437 DEBUG [HttpClientSupport$SoapUIHttpClient] Attempt 1 to execute request
14:11:25,437 DEBUG [SoapUIMultiThreadedHttpConnectionManager$SoapUIDefaultClientConnection] Sending request: GET /libreplan/ws/rest/calendars/CALENDAR0001 HTTP/1.1
14:11:25,448 DEBUG [SoapUIMultiThreadedHttpConnectionManager$SoapUIDefaultClientConnection] Receiving response: HTTP/1.1 200 OK
14:11:25,449 DEBUG [HttpClientSupport$SoapUIHttpClient] Connection can be kept alive indefinitely
]]></system-out>
    <system-err><![CDATA[SLF4J: Class path contains multiple SLF4J bindings.
SLF4J: Found binding in [jar:file:/C:/Users/formation/.m2/repository/org/apache/logging/log4j/log4j-slf4j-impl/2.12.1/log4j-slf4j-impl-2.12.1.jar!/org/slf4j/impl/StaticLoggerBinder.class]
SLF4J: Found binding in [jar:file:/C:/Installation/SmartBear/SoapUI-5.4.0/lib/slf4j-log4j12-1.6.4.jar!/org/slf4j/impl/StaticLoggerBinder.class]
SLF4J: See http://www.slf4j.org/codes.html#multiple_bindings for an explanation.
SLF4J: Actual binding is of type [org.apache.logging.slf4j.Log4jLoggerFactory]
]]></system-err>
  </testcase>
</testsuite>